<?xml version="1.0" encoding="UTF-8"?>
<testsuite xmlns:xsi="http://www.w3.org/2001/XMLSchema-instance" xsi:noNamespaceSchemaLocation="https://maven.apache.org/surefire/maven-surefire-plugin/xsd/surefire-test-report.xsd" name="test.TestVod" time="2.109" tests="3" errors="0" skipped="0" failures="0">
  <properties>
    <property name="gopherProxySet" value="false"/>
    <property name="awt.toolkit" value="sun.lwawt.macosx.LWCToolkit"/>
    <property name="file.encoding.pkg" value="sun.io"/>
    <property name="java.specification.version" value="1.8"/>
    <property name="sun.cpu.isalist" value=""/>
    <property name="sun.jnu.encoding" value="UTF-8"/>
    <property name="java.class.path" value="/Users/a1989/Java_work/edu_demo/service/service_vod/target/test-classes:/Users/a1989/Java_work/edu_demo/service/service_vod/target/classes:/usr/local/apache-maven-3.8.4/mvn_repository/com/alibaba/cloud/spring-cloud-starter-alibaba-nacos-discovery/2.2.7.RELEASE/spring-cloud-starter-alibaba-nacos-discovery-2.2.7.RELEASE.jar:/usr/local/apache-maven-3.8.4/mvn_repository/com/alibaba/cloud/spring-cloud-alibaba-commons/2.2.7.RELEASE/spring-cloud-alibaba-commons-2.2.7.RELEASE.jar:/usr/local/apache-maven-3.8.4/mvn_repository/com/alibaba/nacos/nacos-client/2.0.3/nacos-client-2.0.3.jar:/usr/local/apache-maven-3.8.4/mvn_repository/com/fasterxml/jackson/core/jackson-core/2.11.4/jackson-core-2.11.4.jar:/usr/local/apache-maven-3.8.4/mvn_repository/com/fasterxml/jackson/core/jackson-databind/2.11.4/jackson-databind-2.11.4.jar:/usr/local/apache-maven-3.8.4/mvn_repository/org/apache/httpcomponents/httpasyncclient/4.1.4/httpasyncclient-4.1.4.jar:/usr/local/apache-maven-3.8.4/mvn_repository/org/apache/httpcomponents/httpcore-nio/4.4.14/httpcore-nio-4.4.14.jar:/usr/local/apache-maven-3.8.4/mvn_repository/org/reflections/reflections/0.9.11/reflections-0.9.11.jar:/usr/local/apache-maven-3.8.4/mvn_repository/org/javassist/javassist/3.21.0-GA/javassist-3.21.0-GA.jar:/usr/local/apache-maven-3.8.4/mvn_repository/io/prometheus/simpleclient/0.5.0/simpleclient-0.5.0.jar:/usr/local/apache-maven-3.8.4/mvn_repository/org/yaml/snakeyaml/1.26/snakeyaml-1.26.jar:/usr/local/apache-maven-3.8.4/mvn_repository/com/alibaba/spring/spring-context-support/1.0.10/spring-context-support-1.0.10.jar:/usr/local/apache-maven-3.8.4/mvn_repository/org/springframework/cloud/spring-cloud-commons/2.2.9.RELEASE/spring-cloud-commons-2.2.9.RELEASE.jar:/usr/local/apache-maven-3.8.4/mvn_repository/org/springframework/security/spring-security-crypto/5.3.9.RELEASE/spring-security-crypto-5.3.9.RELEASE.jar:/usr/local/apache-maven-3.8.4/mvn_repository/org/springframework/cloud/spring-cloud-context/2.2.9.RELEASE/spring-cloud-context-2.2.9.RELEASE.jar:/usr/local/apache-maven-3.8.4/mvn_repository/org/springframework/cloud/spring-cloud-starter-netflix-ribbon/2.2.9.RELEASE/spring-cloud-starter-netflix-ribbon-2.2.9.RELEASE.jar:/usr/local/apache-maven-3.8.4/mvn_repository/org/springframework/cloud/spring-cloud-netflix-ribbon/2.2.9.RELEASE/spring-cloud-netflix-ribbon-2.2.9.RELEASE.jar:/usr/local/apache-maven-3.8.4/mvn_repository/org/springframework/cloud/spring-cloud-netflix-archaius/2.2.9.RELEASE/spring-cloud-netflix-archaius-2.2.9.RELEASE.jar:/usr/local/apache-maven-3.8.4/mvn_repository/org/springframework/cloud/spring-cloud-starter-netflix-archaius/2.2.9.RELEASE/spring-cloud-starter-netflix-archaius-2.2.9.RELEASE.jar:/usr/local/apache-maven-3.8.4/mvn_repository/commons-configuration/commons-configuration/1.8/commons-configuration-1.8.jar:/usr/local/apache-maven-3.8.4/mvn_repository/com/netflix/ribbon/ribbon/2.3.0/ribbon-2.3.0.jar:/usr/local/apache-maven-3.8.4/mvn_repository/com/netflix/ribbon/ribbon-transport/2.3.0/ribbon-transport-2.3.0.jar:/usr/local/apache-maven-3.8.4/mvn_repository/io/reactivex/rxnetty-contexts/0.4.9/rxnetty-contexts-0.4.9.jar:/usr/local/apache-maven-3.8.4/mvn_repository/io/reactivex/rxnetty-servo/0.4.9/rxnetty-servo-0.4.9.jar:/usr/local/apache-maven-3.8.4/mvn_repository/javax/inject/javax.inject/1/javax.inject-1.jar:/usr/local/apache-maven-3.8.4/mvn_repository/io/reactivex/rxnetty/0.4.9/rxnetty-0.4.9.jar:/usr/local/apache-maven-3.8.4/mvn_repository/com/netflix/ribbon/ribbon-core/2.3.0/ribbon-core-2.3.0.jar:/usr/local/apache-maven-3.8.4/mvn_repository/commons-lang/commons-lang/2.6/commons-lang-2.6.jar:/usr/local/apache-maven-3.8.4/mvn_repository/com/netflix/ribbon/ribbon-httpclient/2.3.0/ribbon-httpclient-2.3.0.jar:/usr/local/apache-maven-3.8.4/mvn_repository/commons-collections/commons-collections/3.2.2/commons-collections-3.2.2.jar:/usr/local/apache-maven-3.8.4/mvn_repository/com/sun/jersey/jersey-client/1.19.1/jersey-client-1.19.1.jar:/usr/local/apache-maven-3.8.4/mvn_repository/com/sun/jersey/jersey-core/1.19.1/jersey-core-1.19.1.jar:/usr/local/apache-maven-3.8.4/mvn_repository/javax/ws/rs/jsr311-api/1.1.1/jsr311-api-1.1.1.jar:/usr/local/apache-maven-3.8.4/mvn_repository/com/sun/jersey/contribs/jersey-apache-client4/1.19.1/jersey-apache-client4-1.19.1.jar:/usr/local/apache-maven-3.8.4/mvn_repository/com/netflix/servo/servo-core/0.12.21/servo-core-0.12.21.jar:/usr/local/apache-maven-3.8.4/mvn_repository/com/netflix/netflix-commons/netflix-commons-util/0.3.0/netflix-commons-util-0.3.0.jar:/usr/local/apache-maven-3.8.4/mvn_repository/com/netflix/ribbon/ribbon-loadbalancer/2.3.0/ribbon-loadbalancer-2.3.0.jar:/usr/local/apache-maven-3.8.4/mvn_repository/com/netflix/netflix-commons/netflix-statistics/0.1.1/netflix-statistics-0.1.1.jar:/usr/local/apache-maven-3.8.4/mvn_repository/io/reactivex/rxjava/1.3.8/rxjava-1.3.8.jar:/usr/local/apache-maven-3.8.4/mvn_repository/org/springframework/cloud/spring-cloud-starter-openfeign/2.2.9.RELEASE/spring-cloud-starter-openfeign-2.2.9.RELEASE.jar:/usr/local/apache-maven-3.8.4/mvn_repository/org/springframework/cloud/spring-cloud-starter/2.2.9.RELEASE/spring-cloud-starter-2.2.9.RELEASE.jar:/usr/local/apache-maven-3.8.4/mvn_repository/org/springframework/security/spring-security-rsa/1.0.9.RELEASE/spring-security-rsa-1.0.9.RELEASE.jar:/usr/local/apache-maven-3.8.4/mvn_repository/org/bouncycastle/bcpkix-jdk15on/1.64/bcpkix-jdk15on-1.64.jar:/usr/local/apache-maven-3.8.4/mvn_repository/org/bouncycastle/bcprov-jdk15on/1.64/bcprov-jdk15on-1.64.jar:/usr/local/apache-maven-3.8.4/mvn_repository/org/springframework/cloud/spring-cloud-openfeign-core/2.2.9.RELEASE/spring-cloud-openfeign-core-2.2.9.RELEASE.jar:/usr/local/apache-maven-3.8.4/mvn_repository/org/springframework/boot/spring-boot-starter-aop/2.3.12.RELEASE/spring-boot-starter-aop-2.3.12.RELEASE.jar:/usr/local/apache-maven-3.8.4/mvn_repository/io/github/openfeign/form/feign-form-spring/3.8.0/feign-form-spring-3.8.0.jar:/usr/local/apache-maven-3.8.4/mvn_repository/io/github/openfeign/form/feign-form/3.8.0/feign-form-3.8.0.jar:/usr/local/apache-maven-3.8.4/mvn_repository/org/springframework/spring-web/5.2.15.RELEASE/spring-web-5.2.15.RELEASE.jar:/usr/local/apache-maven-3.8.4/mvn_repository/org/springframework/spring-beans/5.2.15.RELEASE/spring-beans-5.2.15.RELEASE.jar:/usr/local/apache-maven-3.8.4/mvn_repository/org/springframework/spring-core/5.2.15.RELEASE/spring-core-5.2.15.RELEASE.jar:/usr/local/apache-maven-3.8.4/mvn_repository/org/springframework/spring-jcl/5.2.15.RELEASE/spring-jcl-5.2.15.RELEASE.jar:/usr/local/apache-maven-3.8.4/mvn_repository/io/github/openfeign/feign-core/10.12/feign-core-10.12.jar:/usr/local/apache-maven-3.8.4/mvn_repository/io/github/openfeign/feign-slf4j/10.12/feign-slf4j-10.12.jar:/usr/local/apache-maven-3.8.4/mvn_repository/io/github/openfeign/feign-hystrix/10.12/feign-hystrix-10.12.jar:/usr/local/apache-maven-3.8.4/mvn_repository/com/netflix/archaius/archaius-core/0.7.7/archaius-core-0.7.7.jar:/usr/local/apache-maven-3.8.4/mvn_repository/com/netflix/hystrix/hystrix-core/1.5.18/hystrix-core-1.5.18.jar:/usr/local/apache-maven-3.8.4/mvn_repository/org/hdrhistogram/HdrHistogram/2.1.9/HdrHistogram-2.1.9.jar:/usr/local/apache-maven-3.8.4/mvn_repository/com/alibaba/cloud/spring-cloud-starter-alibaba-sentinel/2.2.7.RELEASE/spring-cloud-starter-alibaba-sentinel-2.2.7.RELEASE.jar:/usr/local/apache-maven-3.8.4/mvn_repository/com/alibaba/csp/sentinel-transport-simple-http/1.8.1/sentinel-transport-simple-http-1.8.1.jar:/usr/local/apache-maven-3.8.4/mvn_repository/com/alibaba/csp/sentinel-transport-common/1.8.1/sentinel-transport-common-1.8.1.jar:/usr/local/apache-maven-3.8.4/mvn_repository/com/alibaba/csp/sentinel-datasource-extension/1.8.1/sentinel-datasource-extension-1.8.1.jar:/usr/local/apache-maven-3.8.4/mvn_repository/com/alibaba/csp/sentinel-annotation-aspectj/1.8.1/sentinel-annotation-aspectj-1.8.1.jar:/usr/local/apache-maven-3.8.4/mvn_repository/com/alibaba/csp/sentinel-core/1.8.1/sentinel-core-1.8.1.jar:/usr/local/apache-maven-3.8.4/mvn_repository/org/aspectj/aspectjrt/1.9.6/aspectjrt-1.9.6.jar:/usr/local/apache-maven-3.8.4/mvn_repository/org/aspectj/aspectjweaver/1.9.6/aspectjweaver-1.9.6.jar:/usr/local/apache-maven-3.8.4/mvn_repository/com/alibaba/cloud/spring-cloud-circuitbreaker-sentinel/2.2.7.RELEASE/spring-cloud-circuitbreaker-sentinel-2.2.7.RELEASE.jar:/usr/local/apache-maven-3.8.4/mvn_repository/com/alibaba/csp/sentinel-reactor-adapter/1.8.1/sentinel-reactor-adapter-1.8.1.jar:/usr/local/apache-maven-3.8.4/mvn_repository/com/alibaba/csp/sentinel-spring-webflux-adapter/1.8.1/sentinel-spring-webflux-adapter-1.8.1.jar:/usr/local/apache-maven-3.8.4/mvn_repository/com/alibaba/csp/sentinel-spring-webmvc-adapter/1.8.1/sentinel-spring-webmvc-adapter-1.8.1.jar:/usr/local/apache-maven-3.8.4/mvn_repository/com/alibaba/csp/sentinel-parameter-flow-control/1.8.1/sentinel-parameter-flow-control-1.8.1.jar:/usr/local/apache-maven-3.8.4/mvn_repository/com/googlecode/concurrentlinkedhashmap/concurrentlinkedhashmap-lru/1.4.2/concurrentlinkedhashmap-lru-1.4.2.jar:/usr/local/apache-maven-3.8.4/mvn_repository/com/alibaba/csp/sentinel-cluster-server-default/1.8.1/sentinel-cluster-server-default-1.8.1.jar:/usr/local/apache-maven-3.8.4/mvn_repository/com/alibaba/csp/sentinel-cluster-common-default/1.8.1/sentinel-cluster-common-default-1.8.1.jar:/usr/local/apache-maven-3.8.4/mvn_repository/io/netty/netty-handler/4.1.65.Final/netty-handler-4.1.65.Final.jar:/usr/local/apache-maven-3.8.4/mvn_repository/io/netty/netty-common/4.1.65.Final/netty-common-4.1.65.Final.jar:/usr/local/apache-maven-3.8.4/mvn_repository/io/netty/netty-resolver/4.1.65.Final/netty-resolver-4.1.65.Final.jar:/usr/local/apache-maven-3.8.4/mvn_repository/io/netty/netty-buffer/4.1.65.Final/netty-buffer-4.1.65.Final.jar:/usr/local/apache-maven-3.8.4/mvn_repository/io/netty/netty-transport/4.1.65.Final/netty-transport-4.1.65.Final.jar:/usr/local/apache-maven-3.8.4/mvn_repository/io/netty/netty-codec/4.1.65.Final/netty-codec-4.1.65.Final.jar:/usr/local/apache-maven-3.8.4/mvn_repository/com/alibaba/csp/sentinel-cluster-client-default/1.8.1/sentinel-cluster-client-default-1.8.1.jar:/usr/local/apache-maven-3.8.4/mvn_repository/com/alibaba/cloud/spring-cloud-alibaba-sentinel-datasource/2.2.7.RELEASE/spring-cloud-alibaba-sentinel-datasource-2.2.7.RELEASE.jar:/usr/local/apache-maven-3.8.4/mvn_repository/com/mgh/service-base/0.0.1-SNAPSHOT/service-base-0.0.1-SNAPSHOT.jar:/usr/local/apache-maven-3.8.4/mvn_repository/com/mgh/comman-utils/0.0.1-SNAPSHOT/comman-utils-0.0.1-SNAPSHOT.jar:/usr/local/apache-maven-3.8.4/mvn_repository/org/springframework/boot/spring-boot-starter-data-redis/2.3.12.RELEASE/spring-boot-starter-data-redis-2.3.12.RELEASE.jar:/usr/local/apache-maven-3.8.4/mvn_repository/org/springframework/data/spring-data-redis/2.3.9.RELEASE/spring-data-redis-2.3.9.RELEASE.jar:/usr/local/apache-maven-3.8.4/mvn_repository/org/springframework/data/spring-data-keyvalue/2.3.9.RELEASE/spring-data-keyvalue-2.3.9.RELEASE.jar:/usr/local/apache-maven-3.8.4/mvn_repository/org/springframework/data/spring-data-commons/2.3.9.RELEASE/spring-data-commons-2.3.9.RELEASE.jar:/usr/local/apache-maven-3.8.4/mvn_repository/org/springframework/spring-tx/5.2.15.RELEASE/spring-tx-5.2.15.RELEASE.jar:/usr/local/apache-maven-3.8.4/mvn_repository/org/springframework/spring-oxm/5.2.15.RELEASE/spring-oxm-5.2.15.RELEASE.jar:/usr/local/apache-maven-3.8.4/mvn_repository/io/lettuce/lettuce-core/5.3.7.RELEASE/lettuce-core-5.3.7.RELEASE.jar:/usr/local/apache-maven-3.8.4/mvn_repository/io/projectreactor/reactor-core/3.3.17.RELEASE/reactor-core-3.3.17.RELEASE.jar:/usr/local/apache-maven-3.8.4/mvn_repository/org/reactivestreams/reactive-streams/1.0.3/reactive-streams-1.0.3.jar:/usr/local/apache-maven-3.8.4/mvn_repository/org/springframework/boot/spring-boot-starter-web/2.3.12.RELEASE/spring-boot-starter-web-2.3.12.RELEASE.jar:/usr/local/apache-maven-3.8.4/mvn_repository/org/springframework/boot/spring-boot-starter/2.3.12.RELEASE/spring-boot-starter-2.3.12.RELEASE.jar:/usr/local/apache-maven-3.8.4/mvn_repository/org/springframework/boot/spring-boot/2.3.12.RELEASE/spring-boot-2.3.12.RELEASE.jar:/usr/local/apache-maven-3.8.4/mvn_repository/org/springframework/boot/spring-boot-starter-logging/2.3.12.RELEASE/spring-boot-starter-logging-2.3.12.RELEASE.jar:/usr/local/apache-maven-3.8.4/mvn_repository/ch/qos/logback/logback-classic/1.2.3/logback-classic-1.2.3.jar:/usr/local/apache-maven-3.8.4/mvn_repository/ch/qos/logback/logback-core/1.2.3/logback-core-1.2.3.jar:/usr/local/apache-maven-3.8.4/mvn_repository/org/apache/logging/log4j/log4j-to-slf4j/2.13.3/log4j-to-slf4j-2.13.3.jar:/usr/local/apache-maven-3.8.4/mvn_repository/org/apache/logging/log4j/log4j-api/2.13.3/log4j-api-2.13.3.jar:/usr/local/apache-maven-3.8.4/mvn_repository/org/slf4j/jul-to-slf4j/1.7.30/jul-to-slf4j-1.7.30.jar:/usr/local/apache-maven-3.8.4/mvn_repository/jakarta/annotation/jakarta.annotation-api/1.3.5/jakarta.annotation-api-1.3.5.jar:/usr/local/apache-maven-3.8.4/mvn_repository/org/springframework/boot/spring-boot-starter-json/2.3.12.RELEASE/spring-boot-starter-json-2.3.12.RELEASE.jar:/usr/local/apache-maven-3.8.4/mvn_repository/com/fasterxml/jackson/datatype/jackson-datatype-jdk8/2.11.4/jackson-datatype-jdk8-2.11.4.jar:/usr/local/apache-maven-3.8.4/mvn_repository/com/fasterxml/jackson/datatype/jackson-datatype-jsr310/2.11.4/jackson-datatype-jsr310-2.11.4.jar:/usr/local/apache-maven-3.8.4/mvn_repository/com/fasterxml/jackson/module/jackson-module-parameter-names/2.11.4/jackson-module-parameter-names-2.11.4.jar:/usr/local/apache-maven-3.8.4/mvn_repository/org/springframework/boot/spring-boot-starter-tomcat/2.3.12.RELEASE/spring-boot-starter-tomcat-2.3.12.RELEASE.jar:/usr/local/apache-maven-3.8.4/mvn_repository/org/apache/tomcat/embed/tomcat-embed-core/9.0.46/tomcat-embed-core-9.0.46.jar:/usr/local/apache-maven-3.8.4/mvn_repository/org/glassfish/jakarta.el/3.0.3/jakarta.el-3.0.3.jar:/usr/local/apache-maven-3.8.4/mvn_repository/org/apache/tomcat/embed/tomcat-embed-websocket/9.0.46/tomcat-embed-websocket-9.0.46.jar:/usr/local/apache-maven-3.8.4/mvn_repository/org/springframework/spring-webmvc/5.2.15.RELEASE/spring-webmvc-5.2.15.RELEASE.jar:/usr/local/apache-maven-3.8.4/mvn_repository/org/springframework/spring-aop/5.2.15.RELEASE/spring-aop-5.2.15.RELEASE.jar:/usr/local/apache-maven-3.8.4/mvn_repository/org/springframework/spring-context/5.2.15.RELEASE/spring-context-5.2.15.RELEASE.jar:/usr/local/apache-maven-3.8.4/mvn_repository/org/springframework/spring-expression/5.2.15.RELEASE/spring-expression-5.2.15.RELEASE.jar:/usr/local/apache-maven-3.8.4/mvn_repository/com/baomidou/mybatis-plus-boot-starter/3.4.1/mybatis-plus-boot-starter-3.4.1.jar:/usr/local/apache-maven-3.8.4/mvn_repository/com/baomidou/mybatis-plus/3.4.1/mybatis-plus-3.4.1.jar:/usr/local/apache-maven-3.8.4/mvn_repository/org/springframework/boot/spring-boot-autoconfigure/2.3.12.RELEASE/spring-boot-autoconfigure-2.3.12.RELEASE.jar:/usr/local/apache-maven-3.8.4/mvn_repository/org/springframework/boot/spring-boot-starter-jdbc/2.3.12.RELEASE/spring-boot-starter-jdbc-2.3.12.RELEASE.jar:/usr/local/apache-maven-3.8.4/mvn_repository/com/zaxxer/HikariCP/3.4.5/HikariCP-3.4.5.jar:/usr/local/apache-maven-3.8.4/mvn_repository/org/springframework/spring-jdbc/5.2.15.RELEASE/spring-jdbc-5.2.15.RELEASE.jar:/usr/local/apache-maven-3.8.4/mvn_repository/mysql/mysql-connector-java/8.0.25/mysql-connector-java-8.0.25.jar:/usr/local/apache-maven-3.8.4/mvn_repository/org/apache/velocity/velocity-engine-core/2.3/velocity-engine-core-2.3.jar:/usr/local/apache-maven-3.8.4/mvn_repository/org/apache/commons/commons-lang3/3.10/commons-lang3-3.10.jar:/usr/local/apache-maven-3.8.4/mvn_repository/org/slf4j/slf4j-api/1.7.30/slf4j-api-1.7.30.jar:/usr/local/apache-maven-3.8.4/mvn_repository/com/baomidou/mybatis-plus-generator/3.4.1/mybatis-plus-generator-3.4.1.jar:/usr/local/apache-maven-3.8.4/mvn_repository/com/baomidou/mybatis-plus-extension/3.4.1/mybatis-plus-extension-3.4.1.jar:/usr/local/apache-maven-3.8.4/mvn_repository/com/baomidou/mybatis-plus-core/3.4.1/mybatis-plus-core-3.4.1.jar:/usr/local/apache-maven-3.8.4/mvn_repository/com/baomidou/mybatis-plus-annotation/3.4.1/mybatis-plus-annotation-3.4.1.jar:/usr/local/apache-maven-3.8.4/mvn_repository/com/github/jsqlparser/jsqlparser/3.2/jsqlparser-3.2.jar:/usr/local/apache-maven-3.8.4/mvn_repository/org/mybatis/mybatis/3.5.6/mybatis-3.5.6.jar:/usr/local/apache-maven-3.8.4/mvn_repository/org/mybatis/mybatis-spring/2.0.5/mybatis-spring-2.0.5.jar:/usr/local/apache-maven-3.8.4/mvn_repository/io/springfox/springfox-swagger2/2.9.2/springfox-swagger2-2.9.2.jar:/usr/local/apache-maven-3.8.4/mvn_repository/io/swagger/swagger-annotations/1.5.20/swagger-annotations-1.5.20.jar:/usr/local/apache-maven-3.8.4/mvn_repository/io/swagger/swagger-models/1.5.20/swagger-models-1.5.20.jar:/usr/local/apache-maven-3.8.4/mvn_repository/com/fasterxml/jackson/core/jackson-annotations/2.11.4/jackson-annotations-2.11.4.jar:/usr/local/apache-maven-3.8.4/mvn_repository/io/springfox/springfox-spi/2.9.2/springfox-spi-2.9.2.jar:/usr/local/apache-maven-3.8.4/mvn_repository/io/springfox/springfox-core/2.9.2/springfox-core-2.9.2.jar:/usr/local/apache-maven-3.8.4/mvn_repository/net/bytebuddy/byte-buddy/1.10.22/byte-buddy-1.10.22.jar:/usr/local/apache-maven-3.8.4/mvn_repository/io/springfox/springfox-schema/2.9.2/springfox-schema-2.9.2.jar:/usr/local/apache-maven-3.8.4/mvn_repository/io/springfox/springfox-swagger-common/2.9.2/springfox-swagger-common-2.9.2.jar:/usr/local/apache-maven-3.8.4/mvn_repository/io/springfox/springfox-spring-web/2.9.2/springfox-spring-web-2.9.2.jar:/usr/local/apache-maven-3.8.4/mvn_repository/com/google/guava/guava/30.0-jre/guava-30.0-jre.jar:/usr/local/apache-maven-3.8.4/mvn_repository/com/google/guava/failureaccess/1.0.1/failureaccess-1.0.1.jar:/usr/local/apache-maven-3.8.4/mvn_repository/com/google/guava/listenablefuture/9999.0-empty-to-avoid-conflict-with-guava/listenablefuture-9999.0-empty-to-avoid-conflict-with-guava.jar:/usr/local/apache-maven-3.8.4/mvn_repository/com/google/code/findbugs/jsr305/3.0.2/jsr305-3.0.2.jar:/usr/local/apache-maven-3.8.4/mvn_repository/org/checkerframework/checker-qual/3.5.0/checker-qual-3.5.0.jar:/usr/local/apache-maven-3.8.4/mvn_repository/com/google/errorprone/error_prone_annotations/2.3.4/error_prone_annotations-2.3.4.jar:/usr/local/apache-maven-3.8.4/mvn_repository/com/google/j2objc/j2objc-annotations/1.3/j2objc-annotations-1.3.jar:/usr/local/apache-maven-3.8.4/mvn_repository/com/fasterxml/classmate/1.5.1/classmate-1.5.1.jar:/usr/local/apache-maven-3.8.4/mvn_repository/org/springframework/plugin/spring-plugin-core/1.2.0.RELEASE/spring-plugin-core-1.2.0.RELEASE.jar:/usr/local/apache-maven-3.8.4/mvn_repository/org/springframework/plugin/spring-plugin-metadata/1.2.0.RELEASE/spring-plugin-metadata-1.2.0.RELEASE.jar:/usr/local/apache-maven-3.8.4/mvn_repository/org/mapstruct/mapstruct/1.2.0.Final/mapstruct-1.2.0.Final.jar:/usr/local/apache-maven-3.8.4/mvn_repository/io/springfox/springfox-swagger-ui/2.9.2/springfox-swagger-ui-2.9.2.jar:/usr/local/apache-maven-3.8.4/mvn_repository/org/projectlombok/lombok/1.18.20/lombok-1.18.20.jar:/usr/local/apache-maven-3.8.4/mvn_repository/commons-fileupload/commons-fileupload/1.4/commons-fileupload-1.4.jar:/usr/local/apache-maven-3.8.4/mvn_repository/org/apache/httpcomponents/httpclient/4.5.13/httpclient-4.5.13.jar:/usr/local/apache-maven-3.8.4/mvn_repository/org/apache/httpcomponents/httpcore/4.4.14/httpcore-4.4.14.jar:/usr/local/apache-maven-3.8.4/mvn_repository/commons-logging/commons-logging/1.2/commons-logging-1.2.jar:/usr/local/apache-maven-3.8.4/mvn_repository/commons-codec/commons-codec/1.14/commons-codec-1.14.jar:/usr/local/apache-maven-3.8.4/mvn_repository/commons-io/commons-io/2.6/commons-io-2.6.jar:/usr/local/apache-maven-3.8.4/mvn_repository/com/google/code/gson/gson/2.8.6/gson-2.8.6.jar:/usr/local/apache-maven-3.8.4/mvn_repository/junit/junit/4.13.1/junit-4.13.1.jar:/usr/local/apache-maven-3.8.4/mvn_repository/org/hamcrest/hamcrest-core/2.2/hamcrest-core-2.2.jar:/usr/local/apache-maven-3.8.4/mvn_repository/org/hamcrest/hamcrest/2.2/hamcrest-2.2.jar:/usr/local/apache-maven-3.8.4/mvn_repository/org/springframework/boot/spring-boot-configuration-processor/2.3.12.RELEASE/spring-boot-configuration-processor-2.3.12.RELEASE.jar:/usr/local/apache-maven-3.8.4/mvn_repository/com/alibaba/easyexcel/3.0.5/easyexcel-3.0.5.jar:/usr/local/apache-maven-3.8.4/mvn_repository/cglib/cglib/3.3.0/cglib-3.3.0.jar:/usr/local/apache-maven-3.8.4/mvn_repository/org/ow2/asm/asm/7.1/asm-7.1.jar:/usr/local/apache-maven-3.8.4/mvn_repository/org/apache/commons/commons-csv/1.8/commons-csv-1.8.jar:/usr/local/apache-maven-3.8.4/mvn_repository/org/apache/poi/poi/4.1.2/poi-4.1.2.jar:/usr/local/apache-maven-3.8.4/mvn_repository/org/apache/commons/commons-collections4/4.4/commons-collections4-4.4.jar:/usr/local/apache-maven-3.8.4/mvn_repository/org/apache/commons/commons-math3/3.6.1/commons-math3-3.6.1.jar:/usr/local/apache-maven-3.8.4/mvn_repository/com/zaxxer/SparseBitSet/1.2/SparseBitSet-1.2.jar:/usr/local/apache-maven-3.8.4/mvn_repository/org/apache/poi/poi-ooxml/4.1.2/poi-ooxml-4.1.2.jar:/usr/local/apache-maven-3.8.4/mvn_repository/org/apache/commons/commons-compress/1.19/commons-compress-1.19.jar:/usr/local/apache-maven-3.8.4/mvn_repository/com/github/virtuald/curvesapi/1.06/curvesapi-1.06.jar:/usr/local/apache-maven-3.8.4/mvn_repository/org/apache/poi/poi-ooxml-schemas/4.1.2/poi-ooxml-schemas-4.1.2.jar:/usr/local/apache-maven-3.8.4/mvn_repository/org/apache/xmlbeans/xmlbeans/3.1.0/xmlbeans-3.1.0.jar:/usr/local/apache-maven-3.8.4/mvn_repository/org/ehcache/ehcache/3.8.1/ehcache-3.8.1.jar:/usr/local/apache-maven-3.8.4/mvn_repository/org/glassfish/jaxb/jaxb-runtime/2.3.4/jaxb-runtime-2.3.4.jar:/usr/local/apache-maven-3.8.4/mvn_repository/jakarta/xml/bind/jakarta.xml.bind-api/2.3.3/jakarta.xml.bind-api-2.3.3.jar:/usr/local/apache-maven-3.8.4/mvn_repository/org/glassfish/jaxb/txw2/2.3.4/txw2-2.3.4.jar:/usr/local/apache-maven-3.8.4/mvn_repository/com/sun/istack/istack-commons-runtime/3.0.12/istack-commons-runtime-3.0.12.jar:/usr/local/apache-maven-3.8.4/mvn_repository/com/sun/activation/jakarta.activation/1.2.2/jakarta.activation-1.2.2.jar:/usr/local/apache-maven-3.8.4/mvn_repository/com/aliyun/aliyun-java-sdk-core/4.5.1/aliyun-java-sdk-core-4.5.1.jar:/usr/local/apache-maven-3.8.4/mvn_repository/com/aliyun/aliyun-java-sdk-vod/2.15.11/aliyun-java-sdk-vod-2.15.11.jar:/usr/local/apache-maven-3.8.4/mvn_repository/com/alibaba/fastjson/1.2.62/fastjson-1.2.62.jar:/usr/local/apache-maven-3.8.4/mvn_repository/com/aliyun/aliyun-java-sdk-kms/2.10.1/aliyun-java-sdk-kms-2.10.1.jar:/usr/local/apache-maven-3.8.4/mvn_repository/com/aliyun/oss/aliyun-sdk-oss/3.10.2/aliyun-sdk-oss-3.10.2.jar:/usr/local/apache-maven-3.8.4/mvn_repository/org/jdom/jdom2/2.0.6/jdom2-2.0.6.jar:/usr/local/apache-maven-3.8.4/mvn_repository/org/codehaus/jettison/jettison/1.1/jettison-1.1.jar:/usr/local/apache-maven-3.8.4/mvn_repository/stax/stax-api/1.0.1/stax-api-1.0.1.jar:/usr/local/apache-maven-3.8.4/mvn_repository/com/aliyun/aliyun-java-sdk-ram/3.0.0/aliyun-java-sdk-ram-3.0.0.jar:/usr/local/apache-maven-3.8.4/mvn_repository/com/aliyun/aliyun-java-sdk-sts/3.0.0/aliyun-java-sdk-sts-3.0.0.jar:/usr/local/apache-maven-3.8.4/mvn_repository/com/aliyun/aliyun-java-sdk-ecs/4.2.0/aliyun-java-sdk-ecs-4.2.0.jar:/usr/local/apache-maven-3.8.4/mvn_repository/org/json/json/20170516/json-20170516.jar:/usr/local/apache-maven-3.8.4/mvn_repository/io/opentracing/opentracing-api/0.33.0/opentracing-api-0.33.0.jar:/usr/local/apache-maven-3.8.4/mvn_repository/io/opentracing/opentracing-util/0.33.0/opentracing-util-0.33.0.jar:/usr/local/apache-maven-3.8.4/mvn_repository/io/opentracing/opentracing-noop/0.33.0/opentracing-noop-0.33.0.jar:/usr/local/apache-maven-3.8.4/mvn_repository/com/aliyun/aliyun-sdk-vod-upload/1.4.14/aliyun-sdk-vod-upload-1.4.14.jar:/usr/local/apache-maven-3.8.4/mvn_repository/org/springframework/boot/spring-boot-starter-mail/2.3.12.RELEASE/spring-boot-starter-mail-2.3.12.RELEASE.jar:/usr/local/apache-maven-3.8.4/mvn_repository/org/springframework/spring-context-support/5.2.15.RELEASE/spring-context-support-5.2.15.RELEASE.jar:/usr/local/apache-maven-3.8.4/mvn_repository/com/sun/mail/jakarta.mail/1.6.7/jakarta.mail-1.6.7.jar:/usr/local/apache-maven-3.8.4/mvn_repository/org/springframework/boot/spring-boot-starter-thymeleaf/2.3.12.RELEASE/spring-boot-starter-thymeleaf-2.3.12.RELEASE.jar:/usr/local/apache-maven-3.8.4/mvn_repository/org/thymeleaf/thymeleaf-spring5/3.0.12.RELEASE/thymeleaf-spring5-3.0.12.RELEASE.jar:/usr/local/apache-maven-3.8.4/mvn_repository/org/thymeleaf/thymeleaf/3.0.12.RELEASE/thymeleaf-3.0.12.RELEASE.jar:/usr/local/apache-maven-3.8.4/mvn_repository/org/attoparser/attoparser/2.0.5.RELEASE/attoparser-2.0.5.RELEASE.jar:/usr/local/apache-maven-3.8.4/mvn_repository/org/unbescape/unbescape/1.1.6.RELEASE/unbescape-1.1.6.RELEASE.jar:/usr/local/apache-maven-3.8.4/mvn_repository/org/thymeleaf/extras/thymeleaf-extras-java8time/3.0.4.RELEASE/thymeleaf-extras-java8time-3.0.4.RELEASE.jar:"/>
    <property name="java.vm.vendor" value="Oracle Corporation"/>
    <property name="sun.arch.data.model" value="64"/>
    <property name="java.vendor.url" value="http://java.oracle.com/"/>
    <property name="user.timezone" value=""/>
    <property name="java.vm.specification.version" value="1.8"/>
    <property name="os.name" value="Mac OS X"/>
    <property name="user.country" value="CN"/>
    <property name="sun.java.launcher" value="SUN_STANDARD"/>
    <property name="sun.boot.library.path" value="/Library/Java/JavaVirtualMachines/jdk1.8.0_181.jdk/Contents/Home/jre/lib"/>
    <property name="sun.java.command" value="/Users/a1989/Java_work/edu_demo/service/service_vod/target/surefire/surefirebooter1336979038025805609.jar /Users/a1989/Java_work/edu_demo/service/service_vod/target/surefire 2022-02-27T18-37-14_351-jvmRun1 surefire4165728624995107470tmp surefire_06203945456418498994tmp"/>
    <property name="surefire.test.class.path" value="/Users/a1989/Java_work/edu_demo/service/service_vod/target/test-classes:/Users/a1989/Java_work/edu_demo/service/service_vod/target/classes:/usr/local/apache-maven-3.8.4/mvn_repository/com/alibaba/cloud/spring-cloud-starter-alibaba-nacos-discovery/2.2.7.RELEASE/spring-cloud-starter-alibaba-nacos-discovery-2.2.7.RELEASE.jar:/usr/local/apache-maven-3.8.4/mvn_repository/com/alibaba/cloud/spring-cloud-alibaba-commons/2.2.7.RELEASE/spring-cloud-alibaba-commons-2.2.7.RELEASE.jar:/usr/local/apache-maven-3.8.4/mvn_repository/com/alibaba/nacos/nacos-client/2.0.3/nacos-client-2.0.3.jar:/usr/local/apache-maven-3.8.4/mvn_repository/com/fasterxml/jackson/core/jackson-core/2.11.4/jackson-core-2.11.4.jar:/usr/local/apache-maven-3.8.4/mvn_repository/com/fasterxml/jackson/core/jackson-databind/2.11.4/jackson-databind-2.11.4.jar:/usr/local/apache-maven-3.8.4/mvn_repository/org/apache/httpcomponents/httpasyncclient/4.1.4/httpasyncclient-4.1.4.jar:/usr/local/apache-maven-3.8.4/mvn_repository/org/apache/httpcomponents/httpcore-nio/4.4.14/httpcore-nio-4.4.14.jar:/usr/local/apache-maven-3.8.4/mvn_repository/org/reflections/reflections/0.9.11/reflections-0.9.11.jar:/usr/local/apache-maven-3.8.4/mvn_repository/org/javassist/javassist/3.21.0-GA/javassist-3.21.0-GA.jar:/usr/local/apache-maven-3.8.4/mvn_repository/io/prometheus/simpleclient/0.5.0/simpleclient-0.5.0.jar:/usr/local/apache-maven-3.8.4/mvn_repository/org/yaml/snakeyaml/1.26/snakeyaml-1.26.jar:/usr/local/apache-maven-3.8.4/mvn_repository/com/alibaba/spring/spring-context-support/1.0.10/spring-context-support-1.0.10.jar:/usr/local/apache-maven-3.8.4/mvn_repository/org/springframework/cloud/spring-cloud-commons/2.2.9.RELEASE/spring-cloud-commons-2.2.9.RELEASE.jar:/usr/local/apache-maven-3.8.4/mvn_repository/org/springframework/security/spring-security-crypto/5.3.9.RELEASE/spring-security-crypto-5.3.9.RELEASE.jar:/usr/local/apache-maven-3.8.4/mvn_repository/org/springframework/cloud/spring-cloud-context/2.2.9.RELEASE/spring-cloud-context-2.2.9.RELEASE.jar:/usr/local/apache-maven-3.8.4/mvn_repository/org/springframework/cloud/spring-cloud-starter-netflix-ribbon/2.2.9.RELEASE/spring-cloud-starter-netflix-ribbon-2.2.9.RELEASE.jar:/usr/local/apache-maven-3.8.4/mvn_repository/org/springframework/cloud/spring-cloud-netflix-ribbon/2.2.9.RELEASE/spring-cloud-netflix-ribbon-2.2.9.RELEASE.jar:/usr/local/apache-maven-3.8.4/mvn_repository/org/springframework/cloud/spring-cloud-netflix-archaius/2.2.9.RELEASE/spring-cloud-netflix-archaius-2.2.9.RELEASE.jar:/usr/local/apache-maven-3.8.4/mvn_repository/org/springframework/cloud/spring-cloud-starter-netflix-archaius/2.2.9.RELEASE/spring-cloud-starter-netflix-archaius-2.2.9.RELEASE.jar:/usr/local/apache-maven-3.8.4/mvn_repository/commons-configuration/commons-configuration/1.8/commons-configuration-1.8.jar:/usr/local/apache-maven-3.8.4/mvn_repository/com/netflix/ribbon/ribbon/2.3.0/ribbon-2.3.0.jar:/usr/local/apache-maven-3.8.4/mvn_repository/com/netflix/ribbon/ribbon-transport/2.3.0/ribbon-transport-2.3.0.jar:/usr/local/apache-maven-3.8.4/mvn_repository/io/reactivex/rxnetty-contexts/0.4.9/rxnetty-contexts-0.4.9.jar:/usr/local/apache-maven-3.8.4/mvn_repository/io/reactivex/rxnetty-servo/0.4.9/rxnetty-servo-0.4.9.jar:/usr/local/apache-maven-3.8.4/mvn_repository/javax/inject/javax.inject/1/javax.inject-1.jar:/usr/local/apache-maven-3.8.4/mvn_repository/io/reactivex/rxnetty/0.4.9/rxnetty-0.4.9.jar:/usr/local/apache-maven-3.8.4/mvn_repository/com/netflix/ribbon/ribbon-core/2.3.0/ribbon-core-2.3.0.jar:/usr/local/apache-maven-3.8.4/mvn_repository/commons-lang/commons-lang/2.6/commons-lang-2.6.jar:/usr/local/apache-maven-3.8.4/mvn_repository/com/netflix/ribbon/ribbon-httpclient/2.3.0/ribbon-httpclient-2.3.0.jar:/usr/local/apache-maven-3.8.4/mvn_repository/commons-collections/commons-collections/3.2.2/commons-collections-3.2.2.jar:/usr/local/apache-maven-3.8.4/mvn_repository/com/sun/jersey/jersey-client/1.19.1/jersey-client-1.19.1.jar:/usr/local/apache-maven-3.8.4/mvn_repository/com/sun/jersey/jersey-core/1.19.1/jersey-core-1.19.1.jar:/usr/local/apache-maven-3.8.4/mvn_repository/javax/ws/rs/jsr311-api/1.1.1/jsr311-api-1.1.1.jar:/usr/local/apache-maven-3.8.4/mvn_repository/com/sun/jersey/contribs/jersey-apache-client4/1.19.1/jersey-apache-client4-1.19.1.jar:/usr/local/apache-maven-3.8.4/mvn_repository/com/netflix/servo/servo-core/0.12.21/servo-core-0.12.21.jar:/usr/local/apache-maven-3.8.4/mvn_repository/com/netflix/netflix-commons/netflix-commons-util/0.3.0/netflix-commons-util-0.3.0.jar:/usr/local/apache-maven-3.8.4/mvn_repository/com/netflix/ribbon/ribbon-loadbalancer/2.3.0/ribbon-loadbalancer-2.3.0.jar:/usr/local/apache-maven-3.8.4/mvn_repository/com/netflix/netflix-commons/netflix-statistics/0.1.1/netflix-statistics-0.1.1.jar:/usr/local/apache-maven-3.8.4/mvn_repository/io/reactivex/rxjava/1.3.8/rxjava-1.3.8.jar:/usr/local/apache-maven-3.8.4/mvn_repository/org/springframework/cloud/spring-cloud-starter-openfeign/2.2.9.RELEASE/spring-cloud-starter-openfeign-2.2.9.RELEASE.jar:/usr/local/apache-maven-3.8.4/mvn_repository/org/springframework/cloud/spring-cloud-starter/2.2.9.RELEASE/spring-cloud-starter-2.2.9.RELEASE.jar:/usr/local/apache-maven-3.8.4/mvn_repository/org/springframework/security/spring-security-rsa/1.0.9.RELEASE/spring-security-rsa-1.0.9.RELEASE.jar:/usr/local/apache-maven-3.8.4/mvn_repository/org/bouncycastle/bcpkix-jdk15on/1.64/bcpkix-jdk15on-1.64.jar:/usr/local/apache-maven-3.8.4/mvn_repository/org/bouncycastle/bcprov-jdk15on/1.64/bcprov-jdk15on-1.64.jar:/usr/local/apache-maven-3.8.4/mvn_repository/org/springframework/cloud/spring-cloud-openfeign-core/2.2.9.RELEASE/spring-cloud-openfeign-core-2.2.9.RELEASE.jar:/usr/local/apache-maven-3.8.4/mvn_repository/org/springframework/boot/spring-boot-starter-aop/2.3.12.RELEASE/spring-boot-starter-aop-2.3.12.RELEASE.jar:/usr/local/apache-maven-3.8.4/mvn_repository/io/github/openfeign/form/feign-form-spring/3.8.0/feign-form-spring-3.8.0.jar:/usr/local/apache-maven-3.8.4/mvn_repository/io/github/openfeign/form/feign-form/3.8.0/feign-form-3.8.0.jar:/usr/local/apache-maven-3.8.4/mvn_repository/org/springframework/spring-web/5.2.15.RELEASE/spring-web-5.2.15.RELEASE.jar:/usr/local/apache-maven-3.8.4/mvn_repository/org/springframework/spring-beans/5.2.15.RELEASE/spring-beans-5.2.15.RELEASE.jar:/usr/local/apache-maven-3.8.4/mvn_repository/org/springframework/spring-core/5.2.15.RELEASE/spring-core-5.2.15.RELEASE.jar:/usr/local/apache-maven-3.8.4/mvn_repository/org/springframework/spring-jcl/5.2.15.RELEASE/spring-jcl-5.2.15.RELEASE.jar:/usr/local/apache-maven-3.8.4/mvn_repository/io/github/openfeign/feign-core/10.12/feign-core-10.12.jar:/usr/local/apache-maven-3.8.4/mvn_repository/io/github/openfeign/feign-slf4j/10.12/feign-slf4j-10.12.jar:/usr/local/apache-maven-3.8.4/mvn_repository/io/github/openfeign/feign-hystrix/10.12/feign-hystrix-10.12.jar:/usr/local/apache-maven-3.8.4/mvn_repository/com/netflix/archaius/archaius-core/0.7.7/archaius-core-0.7.7.jar:/usr/local/apache-maven-3.8.4/mvn_repository/com/netflix/hystrix/hystrix-core/1.5.18/hystrix-core-1.5.18.jar:/usr/local/apache-maven-3.8.4/mvn_repository/org/hdrhistogram/HdrHistogram/2.1.9/HdrHistogram-2.1.9.jar:/usr/local/apache-maven-3.8.4/mvn_repository/com/alibaba/cloud/spring-cloud-starter-alibaba-sentinel/2.2.7.RELEASE/spring-cloud-starter-alibaba-sentinel-2.2.7.RELEASE.jar:/usr/local/apache-maven-3.8.4/mvn_repository/com/alibaba/csp/sentinel-transport-simple-http/1.8.1/sentinel-transport-simple-http-1.8.1.jar:/usr/local/apache-maven-3.8.4/mvn_repository/com/alibaba/csp/sentinel-transport-common/1.8.1/sentinel-transport-common-1.8.1.jar:/usr/local/apache-maven-3.8.4/mvn_repository/com/alibaba/csp/sentinel-datasource-extension/1.8.1/sentinel-datasource-extension-1.8.1.jar:/usr/local/apache-maven-3.8.4/mvn_repository/com/alibaba/csp/sentinel-annotation-aspectj/1.8.1/sentinel-annotation-aspectj-1.8.1.jar:/usr/local/apache-maven-3.8.4/mvn_repository/com/alibaba/csp/sentinel-core/1.8.1/sentinel-core-1.8.1.jar:/usr/local/apache-maven-3.8.4/mvn_repository/org/aspectj/aspectjrt/1.9.6/aspectjrt-1.9.6.jar:/usr/local/apache-maven-3.8.4/mvn_repository/org/aspectj/aspectjweaver/1.9.6/aspectjweaver-1.9.6.jar:/usr/local/apache-maven-3.8.4/mvn_repository/com/alibaba/cloud/spring-cloud-circuitbreaker-sentinel/2.2.7.RELEASE/spring-cloud-circuitbreaker-sentinel-2.2.7.RELEASE.jar:/usr/local/apache-maven-3.8.4/mvn_repository/com/alibaba/csp/sentinel-reactor-adapter/1.8.1/sentinel-reactor-adapter-1.8.1.jar:/usr/local/apache-maven-3.8.4/mvn_repository/com/alibaba/csp/sentinel-spring-webflux-adapter/1.8.1/sentinel-spring-webflux-adapter-1.8.1.jar:/usr/local/apache-maven-3.8.4/mvn_repository/com/alibaba/csp/sentinel-spring-webmvc-adapter/1.8.1/sentinel-spring-webmvc-adapter-1.8.1.jar:/usr/local/apache-maven-3.8.4/mvn_repository/com/alibaba/csp/sentinel-parameter-flow-control/1.8.1/sentinel-parameter-flow-control-1.8.1.jar:/usr/local/apache-maven-3.8.4/mvn_repository/com/googlecode/concurrentlinkedhashmap/concurrentlinkedhashmap-lru/1.4.2/concurrentlinkedhashmap-lru-1.4.2.jar:/usr/local/apache-maven-3.8.4/mvn_repository/com/alibaba/csp/sentinel-cluster-server-default/1.8.1/sentinel-cluster-server-default-1.8.1.jar:/usr/local/apache-maven-3.8.4/mvn_repository/com/alibaba/csp/sentinel-cluster-common-default/1.8.1/sentinel-cluster-common-default-1.8.1.jar:/usr/local/apache-maven-3.8.4/mvn_repository/io/netty/netty-handler/4.1.65.Final/netty-handler-4.1.65.Final.jar:/usr/local/apache-maven-3.8.4/mvn_repository/io/netty/netty-common/4.1.65.Final/netty-common-4.1.65.Final.jar:/usr/local/apache-maven-3.8.4/mvn_repository/io/netty/netty-resolver/4.1.65.Final/netty-resolver-4.1.65.Final.jar:/usr/local/apache-maven-3.8.4/mvn_repository/io/netty/netty-buffer/4.1.65.Final/netty-buffer-4.1.65.Final.jar:/usr/local/apache-maven-3.8.4/mvn_repository/io/netty/netty-transport/4.1.65.Final/netty-transport-4.1.65.Final.jar:/usr/local/apache-maven-3.8.4/mvn_repository/io/netty/netty-codec/4.1.65.Final/netty-codec-4.1.65.Final.jar:/usr/local/apache-maven-3.8.4/mvn_repository/com/alibaba/csp/sentinel-cluster-client-default/1.8.1/sentinel-cluster-client-default-1.8.1.jar:/usr/local/apache-maven-3.8.4/mvn_repository/com/alibaba/cloud/spring-cloud-alibaba-sentinel-datasource/2.2.7.RELEASE/spring-cloud-alibaba-sentinel-datasource-2.2.7.RELEASE.jar:/usr/local/apache-maven-3.8.4/mvn_repository/com/mgh/service-base/0.0.1-SNAPSHOT/service-base-0.0.1-SNAPSHOT.jar:/usr/local/apache-maven-3.8.4/mvn_repository/com/mgh/comman-utils/0.0.1-SNAPSHOT/comman-utils-0.0.1-SNAPSHOT.jar:/usr/local/apache-maven-3.8.4/mvn_repository/org/springframework/boot/spring-boot-starter-data-redis/2.3.12.RELEASE/spring-boot-starter-data-redis-2.3.12.RELEASE.jar:/usr/local/apache-maven-3.8.4/mvn_repository/org/springframework/data/spring-data-redis/2.3.9.RELEASE/spring-data-redis-2.3.9.RELEASE.jar:/usr/local/apache-maven-3.8.4/mvn_repository/org/springframework/data/spring-data-keyvalue/2.3.9.RELEASE/spring-data-keyvalue-2.3.9.RELEASE.jar:/usr/local/apache-maven-3.8.4/mvn_repository/org/springframework/data/spring-data-commons/2.3.9.RELEASE/spring-data-commons-2.3.9.RELEASE.jar:/usr/local/apache-maven-3.8.4/mvn_repository/org/springframework/spring-tx/5.2.15.RELEASE/spring-tx-5.2.15.RELEASE.jar:/usr/local/apache-maven-3.8.4/mvn_repository/org/springframework/spring-oxm/5.2.15.RELEASE/spring-oxm-5.2.15.RELEASE.jar:/usr/local/apache-maven-3.8.4/mvn_repository/io/lettuce/lettuce-core/5.3.7.RELEASE/lettuce-core-5.3.7.RELEASE.jar:/usr/local/apache-maven-3.8.4/mvn_repository/io/projectreactor/reactor-core/3.3.17.RELEASE/reactor-core-3.3.17.RELEASE.jar:/usr/local/apache-maven-3.8.4/mvn_repository/org/reactivestreams/reactive-streams/1.0.3/reactive-streams-1.0.3.jar:/usr/local/apache-maven-3.8.4/mvn_repository/org/springframework/boot/spring-boot-starter-web/2.3.12.RELEASE/spring-boot-starter-web-2.3.12.RELEASE.jar:/usr/local/apache-maven-3.8.4/mvn_repository/org/springframework/boot/spring-boot-starter/2.3.12.RELEASE/spring-boot-starter-2.3.12.RELEASE.jar:/usr/local/apache-maven-3.8.4/mvn_repository/org/springframework/boot/spring-boot/2.3.12.RELEASE/spring-boot-2.3.12.RELEASE.jar:/usr/local/apache-maven-3.8.4/mvn_repository/org/springframework/boot/spring-boot-starter-logging/2.3.12.RELEASE/spring-boot-starter-logging-2.3.12.RELEASE.jar:/usr/local/apache-maven-3.8.4/mvn_repository/ch/qos/logback/logback-classic/1.2.3/logback-classic-1.2.3.jar:/usr/local/apache-maven-3.8.4/mvn_repository/ch/qos/logback/logback-core/1.2.3/logback-core-1.2.3.jar:/usr/local/apache-maven-3.8.4/mvn_repository/org/apache/logging/log4j/log4j-to-slf4j/2.13.3/log4j-to-slf4j-2.13.3.jar:/usr/local/apache-maven-3.8.4/mvn_repository/org/apache/logging/log4j/log4j-api/2.13.3/log4j-api-2.13.3.jar:/usr/local/apache-maven-3.8.4/mvn_repository/org/slf4j/jul-to-slf4j/1.7.30/jul-to-slf4j-1.7.30.jar:/usr/local/apache-maven-3.8.4/mvn_repository/jakarta/annotation/jakarta.annotation-api/1.3.5/jakarta.annotation-api-1.3.5.jar:/usr/local/apache-maven-3.8.4/mvn_repository/org/springframework/boot/spring-boot-starter-json/2.3.12.RELEASE/spring-boot-starter-json-2.3.12.RELEASE.jar:/usr/local/apache-maven-3.8.4/mvn_repository/com/fasterxml/jackson/datatype/jackson-datatype-jdk8/2.11.4/jackson-datatype-jdk8-2.11.4.jar:/usr/local/apache-maven-3.8.4/mvn_repository/com/fasterxml/jackson/datatype/jackson-datatype-jsr310/2.11.4/jackson-datatype-jsr310-2.11.4.jar:/usr/local/apache-maven-3.8.4/mvn_repository/com/fasterxml/jackson/module/jackson-module-parameter-names/2.11.4/jackson-module-parameter-names-2.11.4.jar:/usr/local/apache-maven-3.8.4/mvn_repository/org/springframework/boot/spring-boot-starter-tomcat/2.3.12.RELEASE/spring-boot-starter-tomcat-2.3.12.RELEASE.jar:/usr/local/apache-maven-3.8.4/mvn_repository/org/apache/tomcat/embed/tomcat-embed-core/9.0.46/tomcat-embed-core-9.0.46.jar:/usr/local/apache-maven-3.8.4/mvn_repository/org/glassfish/jakarta.el/3.0.3/jakarta.el-3.0.3.jar:/usr/local/apache-maven-3.8.4/mvn_repository/org/apache/tomcat/embed/tomcat-embed-websocket/9.0.46/tomcat-embed-websocket-9.0.46.jar:/usr/local/apache-maven-3.8.4/mvn_repository/org/springframework/spring-webmvc/5.2.15.RELEASE/spring-webmvc-5.2.15.RELEASE.jar:/usr/local/apache-maven-3.8.4/mvn_repository/org/springframework/spring-aop/5.2.15.RELEASE/spring-aop-5.2.15.RELEASE.jar:/usr/local/apache-maven-3.8.4/mvn_repository/org/springframework/spring-context/5.2.15.RELEASE/spring-context-5.2.15.RELEASE.jar:/usr/local/apache-maven-3.8.4/mvn_repository/org/springframework/spring-expression/5.2.15.RELEASE/spring-expression-5.2.15.RELEASE.jar:/usr/local/apache-maven-3.8.4/mvn_repository/com/baomidou/mybatis-plus-boot-starter/3.4.1/mybatis-plus-boot-starter-3.4.1.jar:/usr/local/apache-maven-3.8.4/mvn_repository/com/baomidou/mybatis-plus/3.4.1/mybatis-plus-3.4.1.jar:/usr/local/apache-maven-3.8.4/mvn_repository/org/springframework/boot/spring-boot-autoconfigure/2.3.12.RELEASE/spring-boot-autoconfigure-2.3.12.RELEASE.jar:/usr/local/apache-maven-3.8.4/mvn_repository/org/springframework/boot/spring-boot-starter-jdbc/2.3.12.RELEASE/spring-boot-starter-jdbc-2.3.12.RELEASE.jar:/usr/local/apache-maven-3.8.4/mvn_repository/com/zaxxer/HikariCP/3.4.5/HikariCP-3.4.5.jar:/usr/local/apache-maven-3.8.4/mvn_repository/org/springframework/spring-jdbc/5.2.15.RELEASE/spring-jdbc-5.2.15.RELEASE.jar:/usr/local/apache-maven-3.8.4/mvn_repository/mysql/mysql-connector-java/8.0.25/mysql-connector-java-8.0.25.jar:/usr/local/apache-maven-3.8.4/mvn_repository/org/apache/velocity/velocity-engine-core/2.3/velocity-engine-core-2.3.jar:/usr/local/apache-maven-3.8.4/mvn_repository/org/apache/commons/commons-lang3/3.10/commons-lang3-3.10.jar:/usr/local/apache-maven-3.8.4/mvn_repository/org/slf4j/slf4j-api/1.7.30/slf4j-api-1.7.30.jar:/usr/local/apache-maven-3.8.4/mvn_repository/com/baomidou/mybatis-plus-generator/3.4.1/mybatis-plus-generator-3.4.1.jar:/usr/local/apache-maven-3.8.4/mvn_repository/com/baomidou/mybatis-plus-extension/3.4.1/mybatis-plus-extension-3.4.1.jar:/usr/local/apache-maven-3.8.4/mvn_repository/com/baomidou/mybatis-plus-core/3.4.1/mybatis-plus-core-3.4.1.jar:/usr/local/apache-maven-3.8.4/mvn_repository/com/baomidou/mybatis-plus-annotation/3.4.1/mybatis-plus-annotation-3.4.1.jar:/usr/local/apache-maven-3.8.4/mvn_repository/com/github/jsqlparser/jsqlparser/3.2/jsqlparser-3.2.jar:/usr/local/apache-maven-3.8.4/mvn_repository/org/mybatis/mybatis/3.5.6/mybatis-3.5.6.jar:/usr/local/apache-maven-3.8.4/mvn_repository/org/mybatis/mybatis-spring/2.0.5/mybatis-spring-2.0.5.jar:/usr/local/apache-maven-3.8.4/mvn_repository/io/springfox/springfox-swagger2/2.9.2/springfox-swagger2-2.9.2.jar:/usr/local/apache-maven-3.8.4/mvn_repository/io/swagger/swagger-annotations/1.5.20/swagger-annotations-1.5.20.jar:/usr/local/apache-maven-3.8.4/mvn_repository/io/swagger/swagger-models/1.5.20/swagger-models-1.5.20.jar:/usr/local/apache-maven-3.8.4/mvn_repository/com/fasterxml/jackson/core/jackson-annotations/2.11.4/jackson-annotations-2.11.4.jar:/usr/local/apache-maven-3.8.4/mvn_repository/io/springfox/springfox-spi/2.9.2/springfox-spi-2.9.2.jar:/usr/local/apache-maven-3.8.4/mvn_repository/io/springfox/springfox-core/2.9.2/springfox-core-2.9.2.jar:/usr/local/apache-maven-3.8.4/mvn_repository/net/bytebuddy/byte-buddy/1.10.22/byte-buddy-1.10.22.jar:/usr/local/apache-maven-3.8.4/mvn_repository/io/springfox/springfox-schema/2.9.2/springfox-schema-2.9.2.jar:/usr/local/apache-maven-3.8.4/mvn_repository/io/springfox/springfox-swagger-common/2.9.2/springfox-swagger-common-2.9.2.jar:/usr/local/apache-maven-3.8.4/mvn_repository/io/springfox/springfox-spring-web/2.9.2/springfox-spring-web-2.9.2.jar:/usr/local/apache-maven-3.8.4/mvn_repository/com/google/guava/guava/30.0-jre/guava-30.0-jre.jar:/usr/local/apache-maven-3.8.4/mvn_repository/com/google/guava/failureaccess/1.0.1/failureaccess-1.0.1.jar:/usr/local/apache-maven-3.8.4/mvn_repository/com/google/guava/listenablefuture/9999.0-empty-to-avoid-conflict-with-guava/listenablefuture-9999.0-empty-to-avoid-conflict-with-guava.jar:/usr/local/apache-maven-3.8.4/mvn_repository/com/google/code/findbugs/jsr305/3.0.2/jsr305-3.0.2.jar:/usr/local/apache-maven-3.8.4/mvn_repository/org/checkerframework/checker-qual/3.5.0/checker-qual-3.5.0.jar:/usr/local/apache-maven-3.8.4/mvn_repository/com/google/errorprone/error_prone_annotations/2.3.4/error_prone_annotations-2.3.4.jar:/usr/local/apache-maven-3.8.4/mvn_repository/com/google/j2objc/j2objc-annotations/1.3/j2objc-annotations-1.3.jar:/usr/local/apache-maven-3.8.4/mvn_repository/com/fasterxml/classmate/1.5.1/classmate-1.5.1.jar:/usr/local/apache-maven-3.8.4/mvn_repository/org/springframework/plugin/spring-plugin-core/1.2.0.RELEASE/spring-plugin-core-1.2.0.RELEASE.jar:/usr/local/apache-maven-3.8.4/mvn_repository/org/springframework/plugin/spring-plugin-metadata/1.2.0.RELEASE/spring-plugin-metadata-1.2.0.RELEASE.jar:/usr/local/apache-maven-3.8.4/mvn_repository/org/mapstruct/mapstruct/1.2.0.Final/mapstruct-1.2.0.Final.jar:/usr/local/apache-maven-3.8.4/mvn_repository/io/springfox/springfox-swagger-ui/2.9.2/springfox-swagger-ui-2.9.2.jar:/usr/local/apache-maven-3.8.4/mvn_repository/org/projectlombok/lombok/1.18.20/lombok-1.18.20.jar:/usr/local/apache-maven-3.8.4/mvn_repository/commons-fileupload/commons-fileupload/1.4/commons-fileupload-1.4.jar:/usr/local/apache-maven-3.8.4/mvn_repository/org/apache/httpcomponents/httpclient/4.5.13/httpclient-4.5.13.jar:/usr/local/apache-maven-3.8.4/mvn_repository/org/apache/httpcomponents/httpcore/4.4.14/httpcore-4.4.14.jar:/usr/local/apache-maven-3.8.4/mvn_repository/commons-logging/commons-logging/1.2/commons-logging-1.2.jar:/usr/local/apache-maven-3.8.4/mvn_repository/commons-codec/commons-codec/1.14/commons-codec-1.14.jar:/usr/local/apache-maven-3.8.4/mvn_repository/commons-io/commons-io/2.6/commons-io-2.6.jar:/usr/local/apache-maven-3.8.4/mvn_repository/com/google/code/gson/gson/2.8.6/gson-2.8.6.jar:/usr/local/apache-maven-3.8.4/mvn_repository/junit/junit/4.13.1/junit-4.13.1.jar:/usr/local/apache-maven-3.8.4/mvn_repository/org/hamcrest/hamcrest-core/2.2/hamcrest-core-2.2.jar:/usr/local/apache-maven-3.8.4/mvn_repository/org/hamcrest/hamcrest/2.2/hamcrest-2.2.jar:/usr/local/apache-maven-3.8.4/mvn_repository/org/springframework/boot/spring-boot-configuration-processor/2.3.12.RELEASE/spring-boot-configuration-processor-2.3.12.RELEASE.jar:/usr/local/apache-maven-3.8.4/mvn_repository/com/alibaba/easyexcel/3.0.5/easyexcel-3.0.5.jar:/usr/local/apache-maven-3.8.4/mvn_repository/cglib/cglib/3.3.0/cglib-3.3.0.jar:/usr/local/apache-maven-3.8.4/mvn_repository/org/ow2/asm/asm/7.1/asm-7.1.jar:/usr/local/apache-maven-3.8.4/mvn_repository/org/apache/commons/commons-csv/1.8/commons-csv-1.8.jar:/usr/local/apache-maven-3.8.4/mvn_repository/org/apache/poi/poi/4.1.2/poi-4.1.2.jar:/usr/local/apache-maven-3.8.4/mvn_repository/org/apache/commons/commons-collections4/4.4/commons-collections4-4.4.jar:/usr/local/apache-maven-3.8.4/mvn_repository/org/apache/commons/commons-math3/3.6.1/commons-math3-3.6.1.jar:/usr/local/apache-maven-3.8.4/mvn_repository/com/zaxxer/SparseBitSet/1.2/SparseBitSet-1.2.jar:/usr/local/apache-maven-3.8.4/mvn_repository/org/apache/poi/poi-ooxml/4.1.2/poi-ooxml-4.1.2.jar:/usr/local/apache-maven-3.8.4/mvn_repository/org/apache/commons/commons-compress/1.19/commons-compress-1.19.jar:/usr/local/apache-maven-3.8.4/mvn_repository/com/github/virtuald/curvesapi/1.06/curvesapi-1.06.jar:/usr/local/apache-maven-3.8.4/mvn_repository/org/apache/poi/poi-ooxml-schemas/4.1.2/poi-ooxml-schemas-4.1.2.jar:/usr/local/apache-maven-3.8.4/mvn_repository/org/apache/xmlbeans/xmlbeans/3.1.0/xmlbeans-3.1.0.jar:/usr/local/apache-maven-3.8.4/mvn_repository/org/ehcache/ehcache/3.8.1/ehcache-3.8.1.jar:/usr/local/apache-maven-3.8.4/mvn_repository/org/glassfish/jaxb/jaxb-runtime/2.3.4/jaxb-runtime-2.3.4.jar:/usr/local/apache-maven-3.8.4/mvn_repository/jakarta/xml/bind/jakarta.xml.bind-api/2.3.3/jakarta.xml.bind-api-2.3.3.jar:/usr/local/apache-maven-3.8.4/mvn_repository/org/glassfish/jaxb/txw2/2.3.4/txw2-2.3.4.jar:/usr/local/apache-maven-3.8.4/mvn_repository/com/sun/istack/istack-commons-runtime/3.0.12/istack-commons-runtime-3.0.12.jar:/usr/local/apache-maven-3.8.4/mvn_repository/com/sun/activation/jakarta.activation/1.2.2/jakarta.activation-1.2.2.jar:/usr/local/apache-maven-3.8.4/mvn_repository/com/aliyun/aliyun-java-sdk-core/4.5.1/aliyun-java-sdk-core-4.5.1.jar:/usr/local/apache-maven-3.8.4/mvn_repository/com/aliyun/aliyun-java-sdk-vod/2.15.11/aliyun-java-sdk-vod-2.15.11.jar:/usr/local/apache-maven-3.8.4/mvn_repository/com/alibaba/fastjson/1.2.62/fastjson-1.2.62.jar:/usr/local/apache-maven-3.8.4/mvn_repository/com/aliyun/aliyun-java-sdk-kms/2.10.1/aliyun-java-sdk-kms-2.10.1.jar:/usr/local/apache-maven-3.8.4/mvn_repository/com/aliyun/oss/aliyun-sdk-oss/3.10.2/aliyun-sdk-oss-3.10.2.jar:/usr/local/apache-maven-3.8.4/mvn_repository/org/jdom/jdom2/2.0.6/jdom2-2.0.6.jar:/usr/local/apache-maven-3.8.4/mvn_repository/org/codehaus/jettison/jettison/1.1/jettison-1.1.jar:/usr/local/apache-maven-3.8.4/mvn_repository/stax/stax-api/1.0.1/stax-api-1.0.1.jar:/usr/local/apache-maven-3.8.4/mvn_repository/com/aliyun/aliyun-java-sdk-ram/3.0.0/aliyun-java-sdk-ram-3.0.0.jar:/usr/local/apache-maven-3.8.4/mvn_repository/com/aliyun/aliyun-java-sdk-sts/3.0.0/aliyun-java-sdk-sts-3.0.0.jar:/usr/local/apache-maven-3.8.4/mvn_repository/com/aliyun/aliyun-java-sdk-ecs/4.2.0/aliyun-java-sdk-ecs-4.2.0.jar:/usr/local/apache-maven-3.8.4/mvn_repository/org/json/json/20170516/json-20170516.jar:/usr/local/apache-maven-3.8.4/mvn_repository/io/opentracing/opentracing-api/0.33.0/opentracing-api-0.33.0.jar:/usr/local/apache-maven-3.8.4/mvn_repository/io/opentracing/opentracing-util/0.33.0/opentracing-util-0.33.0.jar:/usr/local/apache-maven-3.8.4/mvn_repository/io/opentracing/opentracing-noop/0.33.0/opentracing-noop-0.33.0.jar:/usr/local/apache-maven-3.8.4/mvn_repository/com/aliyun/aliyun-sdk-vod-upload/1.4.14/aliyun-sdk-vod-upload-1.4.14.jar:/usr/local/apache-maven-3.8.4/mvn_repository/org/springframework/boot/spring-boot-starter-mail/2.3.12.RELEASE/spring-boot-starter-mail-2.3.12.RELEASE.jar:/usr/local/apache-maven-3.8.4/mvn_repository/org/springframework/spring-context-support/5.2.15.RELEASE/spring-context-support-5.2.15.RELEASE.jar:/usr/local/apache-maven-3.8.4/mvn_repository/com/sun/mail/jakarta.mail/1.6.7/jakarta.mail-1.6.7.jar:/usr/local/apache-maven-3.8.4/mvn_repository/org/springframework/boot/spring-boot-starter-thymeleaf/2.3.12.RELEASE/spring-boot-starter-thymeleaf-2.3.12.RELEASE.jar:/usr/local/apache-maven-3.8.4/mvn_repository/org/thymeleaf/thymeleaf-spring5/3.0.12.RELEASE/thymeleaf-spring5-3.0.12.RELEASE.jar:/usr/local/apache-maven-3.8.4/mvn_repository/org/thymeleaf/thymeleaf/3.0.12.RELEASE/thymeleaf-3.0.12.RELEASE.jar:/usr/local/apache-maven-3.8.4/mvn_repository/org/attoparser/attoparser/2.0.5.RELEASE/attoparser-2.0.5.RELEASE.jar:/usr/local/apache-maven-3.8.4/mvn_repository/org/unbescape/unbescape/1.1.6.RELEASE/unbescape-1.1.6.RELEASE.jar:/usr/local/apache-maven-3.8.4/mvn_repository/org/thymeleaf/extras/thymeleaf-extras-java8time/3.0.4.RELEASE/thymeleaf-extras-java8time-3.0.4.RELEASE.jar:"/>
    <property name="sun.cpu.endian" value="little"/>
    <property name="user.home" value="/Users/a1989"/>
    <property name="user.language" value="zh"/>
    <property name="java.specification.vendor" value="Oracle Corporation"/>
    <property name="java.home" value="/Library/Java/JavaVirtualMachines/jdk1.8.0_181.jdk/Contents/Home/jre"/>
    <property name="basedir" value="/Users/a1989/Java_work/edu_demo/service/service_vod"/>
    <property name="file.separator" value="/"/>
    <property name="line.separator" value="&#10;"/>
    <property name="java.vm.specification.vendor" value="Oracle Corporation"/>
    <property name="java.specification.name" value="Java Platform API Specification"/>
    <property name="java.awt.graphicsenv" value="sun.awt.CGraphicsEnvironment"/>
    <property name="surefire.real.class.path" value="/Users/a1989/Java_work/edu_demo/service/service_vod/target/surefire/surefirebooter1336979038025805609.jar"/>
    <property name="sun.boot.class.path" value="/Library/Java/JavaVirtualMachines/jdk1.8.0_181.jdk/Contents/Home/jre/lib/resources.jar:/Library/Java/JavaVirtualMachines/jdk1.8.0_181.jdk/Contents/Home/jre/lib/rt.jar:/Library/Java/JavaVirtualMachines/jdk1.8.0_181.jdk/Contents/Home/jre/lib/sunrsasign.jar:/Library/Java/JavaVirtualMachines/jdk1.8.0_181.jdk/Contents/Home/jre/lib/jsse.jar:/Library/Java/JavaVirtualMachines/jdk1.8.0_181.jdk/Contents/Home/jre/lib/jce.jar:/Library/Java/JavaVirtualMachines/jdk1.8.0_181.jdk/Contents/Home/jre/lib/charsets.jar:/Library/Java/JavaVirtualMachines/jdk1.8.0_181.jdk/Contents/Home/jre/lib/jfr.jar:/Library/Java/JavaVirtualMachines/jdk1.8.0_181.jdk/Contents/Home/jre/classes"/>
    <property name="sun.management.compiler" value="HotSpot 64-Bit Tiered Compilers"/>
    <property name="java.runtime.version" value="1.8.0_181-b13"/>
    <property name="user.name" value="a1989"/>
    <property name="path.separator" value=":"/>
    <property name="os.version" value="10.16"/>
    <property name="java.endorsed.dirs" value="/Library/Java/JavaVirtualMachines/jdk1.8.0_181.jdk/Contents/Home/jre/lib/endorsed"/>
    <property name="java.runtime.name" value="Java(TM) SE Runtime Environment"/>
    <property name="file.encoding" value="UTF-8"/>
    <property name="java.vm.name" value="Java HotSpot(TM) 64-Bit Server VM"/>
    <property name="localRepository" value="/usr/local/apache-maven-3.8.4/mvn_repository"/>
    <property name="java.vendor.url.bug" value="http://bugreport.sun.com/bugreport/"/>
    <property name="java.io.tmpdir" value="/var/folders/xk/bj9xv1xx3_n4fcll72lx5_4h0000gn/T/"/>
    <property name="idea.version" value="2021.2.3"/>
    <property name="java.version" value="1.8.0_181"/>
    <property name="user.dir" value="/Users/a1989/Java_work/edu_demo/service/service_vod"/>
    <property name="os.arch" value="x86_64"/>
    <property name="java.vm.specification.name" value="Java Virtual Machine Specification"/>
    <property name="java.awt.printerjob" value="sun.lwawt.macosx.CPrinterJob"/>
    <property name="sun.os.patch.level" value="unknown"/>
    <property name="java.library.path" value="/Users/a1989/Library/Java/Extensions:/Library/Java/Extensions:/Network/Library/Java/Extensions:/System/Library/Java/Extensions:/usr/lib/java:."/>
    <property name="java.vm.info" value="mixed mode"/>
    <property name="java.vendor" value="Oracle Corporation"/>
    <property name="java.vm.version" value="25.181-b13"/>
    <property name="java.ext.dirs" value="/Users/a1989/Library/Java/Extensions:/Library/Java/JavaVirtualMachines/jdk1.8.0_181.jdk/Contents/Home/jre/lib/ext:/Library/Java/Extensions:/Network/Library/Java/Extensions:/System/Library/Java/Extensions:/usr/lib/java"/>
    <property name="sun.io.unicode.encoding" value="UnicodeBig"/>
    <property name="java.class.version" value="52.0"/>
  </properties>
  <testcase name="demo01" classname="test.TestVod" time="1.967"/>
  <testcase name="demo02" classname="test.TestVod" time="0.072"/>
  <testcase name="demo03" classname="test.TestVod" time="0.015"/>
</testsuite>